17:48:51,960 (main) ERROR [DataNucleus.Persistence] - Error : An error occurred trying to instantiate an instance of the API adapter "org.datanucleus.api.jdo.JDOAdapter" (perhaps you dont have the requisite datanucleus-api-XXX jar in the CLASSPATH, or the API jar for the persistence spec you are using?) : org.datanucleus.util.Localiser.getInstance(Ljava/lang/String;Ljava/lang/ClassLoader;)Lorg/datanucleus/util/Localiser;
java.lang.NoSuchMethodError: org.datanucleus.util.Localiser.getInstance(Ljava/lang/String;Ljava/lang/ClassLoader;)Lorg/datanucleus/util/Localiser;
	at org.datanucleus.api.jdo.JDOAdapter.<clinit>(JDOAdapter.java:68)
	at sun.reflect.NativeConstructorAccessorImpl.newInstance0(Native Method)
	at sun.reflect.NativeConstructorAccessorImpl.newInstance(NativeConstructorAccessorImpl.java:62)
	at sun.reflect.DelegatingConstructorAccessorImpl.newInstance(DelegatingConstructorAccessorImpl.java:45)
	at java.lang.reflect.Constructor.newInstance(Constructor.java:423)
	at org.datanucleus.plugin.NonManagedPluginRegistry.createExecutableExtension(NonManagedPluginRegistry.java:606)
	at org.datanucleus.plugin.PluginManager.createExecutableExtension(PluginManager.java:301)
	at org.datanucleus.api.ApiAdapterFactory.getApiAdapter(ApiAdapterFactory.java:88)
	at org.datanucleus.AbstractNucleusContext.<init>(AbstractNucleusContext.java:118)
	at org.datanucleus.enhancer.EnhancementNucleusContextImpl.<init>(EnhancementNucleusContextImpl.java:48)
	at org.datanucleus.enhancer.EnhancementNucleusContextImpl.<init>(EnhancementNucleusContextImpl.java:37)
	at org.datanucleus.enhancer.DataNucleusEnhancer.<init>(DataNucleusEnhancer.java:161)
	at org.datanucleus.enhancer.CommandLineHelper.createDataNucleusEnhancer(CommandLineHelper.java:153)
	at org.datanucleus.enhancer.DataNucleusEnhancer.main(DataNucleusEnhancer.java:1108)
17:49:49,199 (main) ERROR [DataNucleus.Persistence] - Error : An error occurred trying to instantiate an instance of the API adapter "org.datanucleus.api.jdo.JDOAdapter" (perhaps you dont have the requisite datanucleus-api-XXX jar in the CLASSPATH, or the API jar for the persistence spec you are using?) : org.datanucleus.util.Localiser.getInstance(Ljava/lang/String;Ljava/lang/ClassLoader;)Lorg/datanucleus/util/Localiser;
java.lang.NoSuchMethodError: org.datanucleus.util.Localiser.getInstance(Ljava/lang/String;Ljava/lang/ClassLoader;)Lorg/datanucleus/util/Localiser;
	at org.datanucleus.api.jdo.JDOAdapter.<clinit>(JDOAdapter.java:68)
	at sun.reflect.NativeConstructorAccessorImpl.newInstance0(Native Method)
	at sun.reflect.NativeConstructorAccessorImpl.newInstance(NativeConstructorAccessorImpl.java:62)
	at sun.reflect.DelegatingConstructorAccessorImpl.newInstance(DelegatingConstructorAccessorImpl.java:45)
	at java.lang.reflect.Constructor.newInstance(Constructor.java:423)
	at org.datanucleus.plugin.NonManagedPluginRegistry.createExecutableExtension(NonManagedPluginRegistry.java:606)
	at org.datanucleus.plugin.PluginManager.createExecutableExtension(PluginManager.java:301)
	at org.datanucleus.api.ApiAdapterFactory.getApiAdapter(ApiAdapterFactory.java:88)
	at org.datanucleus.AbstractNucleusContext.<init>(AbstractNucleusContext.java:118)
	at org.datanucleus.enhancer.EnhancementNucleusContextImpl.<init>(EnhancementNucleusContextImpl.java:48)
	at org.datanucleus.enhancer.EnhancementNucleusContextImpl.<init>(EnhancementNucleusContextImpl.java:37)
	at org.datanucleus.enhancer.DataNucleusEnhancer.<init>(DataNucleusEnhancer.java:161)
	at org.datanucleus.enhancer.CommandLineHelper.createDataNucleusEnhancer(CommandLineHelper.java:153)
	at org.datanucleus.enhancer.DataNucleusEnhancer.main(DataNucleusEnhancer.java:1108)
17:56:22,015 (main) WARN  [DataNucleus.General] - Extension Point "org.datanucleus.implementation_creator" not registered, but plugin "org.datanucleus.enhancer" defined in file:/home/ilya/.m2/repository/org/datanucleus/datanucleus-enhancer/3.1.1/datanucleus-enhancer-3.1.1.jar refers to it.
17:56:22,024 (main) ERROR [DataNucleus.Persistence] - Error : An error occurred trying to instantiate an instance of the API adapter "org.datanucleus.api.jdo.JDOAdapter" (perhaps you dont have the requisite datanucleus-api-XXX jar in the CLASSPATH, or the API jar for the persistence spec you are using?) : org.datanucleus.util.Localiser.getInstance(Ljava/lang/String;Ljava/lang/ClassLoader;)Lorg/datanucleus/util/Localiser;
java.lang.NoSuchMethodError: org.datanucleus.util.Localiser.getInstance(Ljava/lang/String;Ljava/lang/ClassLoader;)Lorg/datanucleus/util/Localiser;
	at org.datanucleus.api.jdo.JDOAdapter.<clinit>(JDOAdapter.java:68)
	at sun.reflect.NativeConstructorAccessorImpl.newInstance0(Native Method)
	at sun.reflect.NativeConstructorAccessorImpl.newInstance(NativeConstructorAccessorImpl.java:62)
	at sun.reflect.DelegatingConstructorAccessorImpl.newInstance(DelegatingConstructorAccessorImpl.java:45)
	at java.lang.reflect.Constructor.newInstance(Constructor.java:423)
	at org.datanucleus.plugin.NonManagedPluginRegistry.createExecutableExtension(NonManagedPluginRegistry.java:606)
	at org.datanucleus.plugin.PluginManager.createExecutableExtension(PluginManager.java:301)
	at org.datanucleus.api.ApiAdapterFactory.getApiAdapter(ApiAdapterFactory.java:88)
	at org.datanucleus.AbstractNucleusContext.<init>(AbstractNucleusContext.java:118)
	at org.datanucleus.enhancer.EnhancementNucleusContextImpl.<init>(EnhancementNucleusContextImpl.java:48)
	at org.datanucleus.enhancer.EnhancementNucleusContextImpl.<init>(EnhancementNucleusContextImpl.java:37)
	at org.datanucleus.enhancer.DataNucleusEnhancer.<init>(DataNucleusEnhancer.java:161)
	at org.datanucleus.enhancer.CommandLineHelper.createDataNucleusEnhancer(CommandLineHelper.java:153)
	at org.datanucleus.enhancer.DataNucleusEnhancer.main(DataNucleusEnhancer.java:1108)
18:00:33,345 (main) WARN  [DataNucleus.General] - Extension Point "org.datanucleus.implementation_creator" not registered, but plugin "org.datanucleus.enhancer" defined in file:/home/ilya/.m2/repository/org/datanucleus/datanucleus-enhancer/3.1.1/datanucleus-enhancer-3.1.1.jar refers to it.
18:00:33,354 (main) ERROR [DataNucleus.Persistence] - Error : An error occurred trying to instantiate an instance of the API adapter "org.datanucleus.api.jdo.JDOAdapter" (perhaps you dont have the requisite datanucleus-api-XXX jar in the CLASSPATH, or the API jar for the persistence spec you are using?) : org.datanucleus.util.Localiser.getInstance(Ljava/lang/String;Ljava/lang/ClassLoader;)Lorg/datanucleus/util/Localiser;
java.lang.NoSuchMethodError: org.datanucleus.util.Localiser.getInstance(Ljava/lang/String;Ljava/lang/ClassLoader;)Lorg/datanucleus/util/Localiser;
	at org.datanucleus.api.jdo.JDOAdapter.<clinit>(JDOAdapter.java:68)
	at sun.reflect.NativeConstructorAccessorImpl.newInstance0(Native Method)
	at sun.reflect.NativeConstructorAccessorImpl.newInstance(NativeConstructorAccessorImpl.java:62)
	at sun.reflect.DelegatingConstructorAccessorImpl.newInstance(DelegatingConstructorAccessorImpl.java:45)
	at java.lang.reflect.Constructor.newInstance(Constructor.java:423)
	at org.datanucleus.plugin.NonManagedPluginRegistry.createExecutableExtension(NonManagedPluginRegistry.java:606)
	at org.datanucleus.plugin.PluginManager.createExecutableExtension(PluginManager.java:301)
	at org.datanucleus.api.ApiAdapterFactory.getApiAdapter(ApiAdapterFactory.java:88)
	at org.datanucleus.AbstractNucleusContext.<init>(AbstractNucleusContext.java:118)
	at org.datanucleus.enhancer.EnhancementNucleusContextImpl.<init>(EnhancementNucleusContextImpl.java:48)
	at org.datanucleus.enhancer.EnhancementNucleusContextImpl.<init>(EnhancementNucleusContextImpl.java:37)
	at org.datanucleus.enhancer.DataNucleusEnhancer.<init>(DataNucleusEnhancer.java:161)
	at org.datanucleus.enhancer.CommandLineHelper.createDataNucleusEnhancer(CommandLineHelper.java:153)
	at org.datanucleus.enhancer.DataNucleusEnhancer.main(DataNucleusEnhancer.java:1108)
18:01:06,563 (main) WARN  [DataNucleus.General] - Extension Point "org.datanucleus.implementation_creator" not registered, but plugin "org.datanucleus.enhancer" defined in file:/home/ilya/.m2/repository/org/datanucleus/datanucleus-enhancer/3.1.1/datanucleus-enhancer-3.1.1.jar refers to it.
18:01:06,573 (main) ERROR [DataNucleus.Persistence] - Error : An error occurred trying to instantiate an instance of the API adapter "org.datanucleus.api.jdo.JDOAdapter" (perhaps you dont have the requisite datanucleus-api-XXX jar in the CLASSPATH, or the API jar for the persistence spec you are using?) : org.datanucleus.util.Localiser.getInstance(Ljava/lang/String;Ljava/lang/ClassLoader;)Lorg/datanucleus/util/Localiser;
java.lang.NoSuchMethodError: org.datanucleus.util.Localiser.getInstance(Ljava/lang/String;Ljava/lang/ClassLoader;)Lorg/datanucleus/util/Localiser;
	at org.datanucleus.api.jdo.JDOAdapter.<clinit>(JDOAdapter.java:68)
	at sun.reflect.NativeConstructorAccessorImpl.newInstance0(Native Method)
	at sun.reflect.NativeConstructorAccessorImpl.newInstance(NativeConstructorAccessorImpl.java:62)
	at sun.reflect.DelegatingConstructorAccessorImpl.newInstance(DelegatingConstructorAccessorImpl.java:45)
	at java.lang.reflect.Constructor.newInstance(Constructor.java:423)
	at org.datanucleus.plugin.NonManagedPluginRegistry.createExecutableExtension(NonManagedPluginRegistry.java:606)
	at org.datanucleus.plugin.PluginManager.createExecutableExtension(PluginManager.java:301)
	at org.datanucleus.api.ApiAdapterFactory.getApiAdapter(ApiAdapterFactory.java:88)
	at org.datanucleus.AbstractNucleusContext.<init>(AbstractNucleusContext.java:118)
	at org.datanucleus.enhancer.EnhancementNucleusContextImpl.<init>(EnhancementNucleusContextImpl.java:48)
	at org.datanucleus.enhancer.EnhancementNucleusContextImpl.<init>(EnhancementNucleusContextImpl.java:37)
	at org.datanucleus.enhancer.DataNucleusEnhancer.<init>(DataNucleusEnhancer.java:161)
	at org.datanucleus.enhancer.CommandLineHelper.createDataNucleusEnhancer(CommandLineHelper.java:153)
	at org.datanucleus.enhancer.DataNucleusEnhancer.main(DataNucleusEnhancer.java:1108)
18:03:19,380 (main) WARN  [DataNucleus.General] - Extension Point "org.datanucleus.implementation_creator" not registered, but plugin "org.datanucleus.enhancer" defined in file:/home/ilya/.m2/repository/org/datanucleus/datanucleus-enhancer/3.1.1/datanucleus-enhancer-3.1.1.jar refers to it.
18:03:19,390 (main) ERROR [DataNucleus.Persistence] - Error : An error occurred trying to instantiate an instance of the API adapter "org.datanucleus.api.jdo.JDOAdapter" (perhaps you dont have the requisite datanucleus-api-XXX jar in the CLASSPATH, or the API jar for the persistence spec you are using?) : org.datanucleus.util.Localiser.getInstance(Ljava/lang/String;Ljava/lang/ClassLoader;)Lorg/datanucleus/util/Localiser;
java.lang.NoSuchMethodError: org.datanucleus.util.Localiser.getInstance(Ljava/lang/String;Ljava/lang/ClassLoader;)Lorg/datanucleus/util/Localiser;
	at org.datanucleus.api.jdo.JDOAdapter.<clinit>(JDOAdapter.java:68)
	at sun.reflect.NativeConstructorAccessorImpl.newInstance0(Native Method)
	at sun.reflect.NativeConstructorAccessorImpl.newInstance(NativeConstructorAccessorImpl.java:62)
	at sun.reflect.DelegatingConstructorAccessorImpl.newInstance(DelegatingConstructorAccessorImpl.java:45)
	at java.lang.reflect.Constructor.newInstance(Constructor.java:423)
	at org.datanucleus.plugin.NonManagedPluginRegistry.createExecutableExtension(NonManagedPluginRegistry.java:606)
	at org.datanucleus.plugin.PluginManager.createExecutableExtension(PluginManager.java:301)
	at org.datanucleus.api.ApiAdapterFactory.getApiAdapter(ApiAdapterFactory.java:88)
	at org.datanucleus.AbstractNucleusContext.<init>(AbstractNucleusContext.java:118)
	at org.datanucleus.enhancer.EnhancementNucleusContextImpl.<init>(EnhancementNucleusContextImpl.java:48)
	at org.datanucleus.enhancer.EnhancementNucleusContextImpl.<init>(EnhancementNucleusContextImpl.java:37)
	at org.datanucleus.enhancer.DataNucleusEnhancer.<init>(DataNucleusEnhancer.java:161)
	at org.datanucleus.enhancer.CommandLineHelper.createDataNucleusEnhancer(CommandLineHelper.java:153)
	at org.datanucleus.enhancer.DataNucleusEnhancer.main(DataNucleusEnhancer.java:1108)
18:10:59,991 (main) WARN  [DataNucleus.General] - Extension Point "org.datanucleus.implementation_creator" not registered, but plugin "org.datanucleus.enhancer" defined in file:/home/ilya/.m2/repository/org/datanucleus/datanucleus-enhancer/3.1.1/datanucleus-enhancer-3.1.1.jar refers to it.
18:11:00,000 (main) ERROR [DataNucleus.Persistence] - Error : An error occurred trying to instantiate an instance of the API adapter "org.datanucleus.api.jdo.JDOAdapter" (perhaps you dont have the requisite datanucleus-api-XXX jar in the CLASSPATH, or the API jar for the persistence spec you are using?) : org.datanucleus.util.Localiser.getInstance(Ljava/lang/String;Ljava/lang/ClassLoader;)Lorg/datanucleus/util/Localiser;
java.lang.NoSuchMethodError: org.datanucleus.util.Localiser.getInstance(Ljava/lang/String;Ljava/lang/ClassLoader;)Lorg/datanucleus/util/Localiser;
	at org.datanucleus.api.jdo.JDOAdapter.<clinit>(JDOAdapter.java:68)
	at sun.reflect.NativeConstructorAccessorImpl.newInstance0(Native Method)
	at sun.reflect.NativeConstructorAccessorImpl.newInstance(NativeConstructorAccessorImpl.java:62)
	at sun.reflect.DelegatingConstructorAccessorImpl.newInstance(DelegatingConstructorAccessorImpl.java:45)
	at java.lang.reflect.Constructor.newInstance(Constructor.java:423)
	at org.datanucleus.plugin.NonManagedPluginRegistry.createExecutableExtension(NonManagedPluginRegistry.java:606)
	at org.datanucleus.plugin.PluginManager.createExecutableExtension(PluginManager.java:301)
	at org.datanucleus.api.ApiAdapterFactory.getApiAdapter(ApiAdapterFactory.java:88)
	at org.datanucleus.AbstractNucleusContext.<init>(AbstractNucleusContext.java:118)
	at org.datanucleus.enhancer.EnhancementNucleusContextImpl.<init>(EnhancementNucleusContextImpl.java:48)
	at org.datanucleus.enhancer.EnhancementNucleusContextImpl.<init>(EnhancementNucleusContextImpl.java:37)
	at org.datanucleus.enhancer.DataNucleusEnhancer.<init>(DataNucleusEnhancer.java:161)
	at org.datanucleus.enhancer.CommandLineHelper.createDataNucleusEnhancer(CommandLineHelper.java:153)
	at org.datanucleus.enhancer.DataNucleusEnhancer.main(DataNucleusEnhancer.java:1108)
18:13:05,691 (main) WARN  [DataNucleus.General] - Extension Point "org.datanucleus.implementation_creator" not registered, but plugin "org.datanucleus.enhancer" defined in file:/home/ilya/.m2/repository/org/datanucleus/datanucleus-enhancer/3.1.1/datanucleus-enhancer-3.1.1.jar refers to it.
18:13:05,700 (main) ERROR [DataNucleus.Persistence] - Error : An error occurred trying to instantiate an instance of the API adapter "org.datanucleus.api.jdo.JDOAdapter" (perhaps you dont have the requisite datanucleus-api-XXX jar in the CLASSPATH, or the API jar for the persistence spec you are using?) : org.datanucleus.util.Localiser.getInstance(Ljava/lang/String;Ljava/lang/ClassLoader;)Lorg/datanucleus/util/Localiser;
java.lang.NoSuchMethodError: org.datanucleus.util.Localiser.getInstance(Ljava/lang/String;Ljava/lang/ClassLoader;)Lorg/datanucleus/util/Localiser;
	at org.datanucleus.api.jdo.JDOAdapter.<clinit>(JDOAdapter.java:68)
	at sun.reflect.NativeConstructorAccessorImpl.newInstance0(Native Method)
	at sun.reflect.NativeConstructorAccessorImpl.newInstance(NativeConstructorAccessorImpl.java:62)
	at sun.reflect.DelegatingConstructorAccessorImpl.newInstance(DelegatingConstructorAccessorImpl.java:45)
	at java.lang.reflect.Constructor.newInstance(Constructor.java:423)
	at org.datanucleus.plugin.NonManagedPluginRegistry.createExecutableExtension(NonManagedPluginRegistry.java:606)
	at org.datanucleus.plugin.PluginManager.createExecutableExtension(PluginManager.java:301)
	at org.datanucleus.api.ApiAdapterFactory.getApiAdapter(ApiAdapterFactory.java:88)
	at org.datanucleus.AbstractNucleusContext.<init>(AbstractNucleusContext.java:118)
	at org.datanucleus.enhancer.EnhancementNucleusContextImpl.<init>(EnhancementNucleusContextImpl.java:48)
	at org.datanucleus.enhancer.EnhancementNucleusContextImpl.<init>(EnhancementNucleusContextImpl.java:37)
	at org.datanucleus.enhancer.DataNucleusEnhancer.<init>(DataNucleusEnhancer.java:161)
	at org.datanucleus.enhancer.CommandLineHelper.createDataNucleusEnhancer(CommandLineHelper.java:153)
	at org.datanucleus.enhancer.DataNucleusEnhancer.main(DataNucleusEnhancer.java:1108)
18:13:30,643 (main) WARN  [DataNucleus.General] - Extension Point "org.datanucleus.implementation_creator" not registered, but plugin "org.datanucleus.enhancer" defined in file:/home/ilya/.m2/repository/org/datanucleus/datanucleus-enhancer/3.1.1/datanucleus-enhancer-3.1.1.jar refers to it.
18:13:30,652 (main) ERROR [DataNucleus.Persistence] - Error : An error occurred trying to instantiate an instance of the API adapter "org.datanucleus.api.jdo.JDOAdapter" (perhaps you dont have the requisite datanucleus-api-XXX jar in the CLASSPATH, or the API jar for the persistence spec you are using?) : org.datanucleus.util.Localiser.getInstance(Ljava/lang/String;Ljava/lang/ClassLoader;)Lorg/datanucleus/util/Localiser;
java.lang.NoSuchMethodError: org.datanucleus.util.Localiser.getInstance(Ljava/lang/String;Ljava/lang/ClassLoader;)Lorg/datanucleus/util/Localiser;
	at org.datanucleus.api.jdo.JDOAdapter.<clinit>(JDOAdapter.java:68)
	at sun.reflect.NativeConstructorAccessorImpl.newInstance0(Native Method)
	at sun.reflect.NativeConstructorAccessorImpl.newInstance(NativeConstructorAccessorImpl.java:62)
	at sun.reflect.DelegatingConstructorAccessorImpl.newInstance(DelegatingConstructorAccessorImpl.java:45)
	at java.lang.reflect.Constructor.newInstance(Constructor.java:423)
	at org.datanucleus.plugin.NonManagedPluginRegistry.createExecutableExtension(NonManagedPluginRegistry.java:606)
	at org.datanucleus.plugin.PluginManager.createExecutableExtension(PluginManager.java:301)
	at org.datanucleus.api.ApiAdapterFactory.getApiAdapter(ApiAdapterFactory.java:88)
	at org.datanucleus.AbstractNucleusContext.<init>(AbstractNucleusContext.java:118)
	at org.datanucleus.enhancer.EnhancementNucleusContextImpl.<init>(EnhancementNucleusContextImpl.java:48)
	at org.datanucleus.enhancer.EnhancementNucleusContextImpl.<init>(EnhancementNucleusContextImpl.java:37)
	at org.datanucleus.enhancer.DataNucleusEnhancer.<init>(DataNucleusEnhancer.java:161)
	at org.datanucleus.enhancer.CommandLineHelper.createDataNucleusEnhancer(CommandLineHelper.java:153)
	at org.datanucleus.enhancer.DataNucleusEnhancer.main(DataNucleusEnhancer.java:1108)
18:14:15,774 (main) WARN  [DataNucleus.General] - Extension Point "org.datanucleus.implementation_creator" not registered, but plugin "org.datanucleus.enhancer" defined in file:/home/ilya/.m2/repository/org/datanucleus/datanucleus-enhancer/3.1.1/datanucleus-enhancer-3.1.1.jar refers to it.
18:14:15,784 (main) ERROR [DataNucleus.Persistence] - Error : An error occurred trying to instantiate an instance of the API adapter "org.datanucleus.api.jdo.JDOAdapter" (perhaps you dont have the requisite datanucleus-api-XXX jar in the CLASSPATH, or the API jar for the persistence spec you are using?) : org.datanucleus.util.Localiser.getInstance(Ljava/lang/String;Ljava/lang/ClassLoader;)Lorg/datanucleus/util/Localiser;
java.lang.NoSuchMethodError: org.datanucleus.util.Localiser.getInstance(Ljava/lang/String;Ljava/lang/ClassLoader;)Lorg/datanucleus/util/Localiser;
	at org.datanucleus.api.jdo.JDOAdapter.<clinit>(JDOAdapter.java:68)
	at sun.reflect.NativeConstructorAccessorImpl.newInstance0(Native Method)
	at sun.reflect.NativeConstructorAccessorImpl.newInstance(NativeConstructorAccessorImpl.java:62)
	at sun.reflect.DelegatingConstructorAccessorImpl.newInstance(DelegatingConstructorAccessorImpl.java:45)
	at java.lang.reflect.Constructor.newInstance(Constructor.java:423)
	at org.datanucleus.plugin.NonManagedPluginRegistry.createExecutableExtension(NonManagedPluginRegistry.java:606)
	at org.datanucleus.plugin.PluginManager.createExecutableExtension(PluginManager.java:301)
	at org.datanucleus.api.ApiAdapterFactory.getApiAdapter(ApiAdapterFactory.java:88)
	at org.datanucleus.AbstractNucleusContext.<init>(AbstractNucleusContext.java:118)
	at org.datanucleus.enhancer.EnhancementNucleusContextImpl.<init>(EnhancementNucleusContextImpl.java:48)
	at org.datanucleus.enhancer.EnhancementNucleusContextImpl.<init>(EnhancementNucleusContextImpl.java:37)
	at org.datanucleus.enhancer.DataNucleusEnhancer.<init>(DataNucleusEnhancer.java:161)
	at org.datanucleus.enhancer.CommandLineHelper.createDataNucleusEnhancer(CommandLineHelper.java:153)
	at org.datanucleus.enhancer.DataNucleusEnhancer.main(DataNucleusEnhancer.java:1108)
18:48:17,768 (main) INFO  [DataNucleus.Enhancer] - DataNucleus Enhancer for API "JDO"
18:48:17,870 (main) INFO  [DataNucleus.Enhancer] - DataNucleus Enhancer (version 3.1.1) : Enhancement of classes
18:48:18,107 (main) INFO  [DataNucleus.Enhancer] - Writing class file "/home/ilya/dev/springbootgae/springbootgae/target/springbootgae-0.1-SNAPSHOT/WEB-INF/classes/ru/kpfu/itis/Bicycle.class" with enhanced definition
18:48:18,127 (main) INFO  [DataNucleus.Enhancer] - DataNucleus Enhancer completed with success for 1 classes. Timings : input=198 ms, enhance=36 ms, total=234 ms. Consult the log for full details
18:48:28,306 (main) INFO  [DataNucleus.Enhancer] - DataNucleus Enhancer for API "JDO"
18:48:28,413 (main) INFO  [DataNucleus.Enhancer] - DataNucleus Enhancer (version 3.1.1) : Enhancement of classes
18:48:28,582 (main) INFO  [DataNucleus.Enhancer] - Class "ru.kpfu.itis.Bicycle" is already enhanced.
18:48:28,582 (main) INFO  [DataNucleus.Enhancer] - DataNucleus Enhancer completed with success for 1 classes. Timings : input=149 ms, enhance=19 ms, total=168 ms. Consult the log for full details
18:48:38,468 (main) INFO  [DataNucleus.Enhancer] - DataNucleus Enhancer for API "JDO"
18:48:38,702 (main) INFO  [DataNucleus.Enhancer] - DataNucleus Enhancer (version 3.1.1) : Enhancement of classes
18:48:38,933 (main) INFO  [DataNucleus.Enhancer] - Class "ru.kpfu.itis.Bicycle" is already enhanced.
18:48:38,933 (main) INFO  [DataNucleus.Enhancer] - DataNucleus Enhancer completed with success for 1 classes. Timings : input=212 ms, enhance=18 ms, total=230 ms. Consult the log for full details
18:54:56,750 (main) INFO  [DataNucleus.Enhancer] - DataNucleus Enhancer for API "JDO"
18:54:56,967 (main) INFO  [DataNucleus.Enhancer] - DataNucleus Enhancer (version 3.1.1) : Enhancement of classes
18:54:57,121 (main) INFO  [DataNucleus.Enhancer] - Class "ru.kpfu.itis.Bicycle" is already enhanced.
18:54:57,121 (main) INFO  [DataNucleus.Enhancer] - DataNucleus Enhancer completed with success for 1 classes. Timings : input=135 ms, enhance=18 ms, total=153 ms. Consult the log for full details
18:55:46,714 (main) INFO  [DataNucleus.Enhancer] - DataNucleus Enhancer for API "JDO"
18:55:46,821 (main) INFO  [DataNucleus.Enhancer] - DataNucleus Enhancer (version 3.1.1) : Enhancement of classes
18:55:46,980 (main) INFO  [DataNucleus.Enhancer] - Class "ru.kpfu.itis.Bicycle" is already enhanced.
18:55:46,980 (main) INFO  [DataNucleus.Enhancer] - DataNucleus Enhancer completed with success for 1 classes. Timings : input=139 ms, enhance=18 ms, total=157 ms. Consult the log for full details
